The target system is: Android - 14 - armv5te
The host system is: Linux - 4.4.0-21-generic - x86_64
Determining if the C compiler works passed with the following output:
Change Dir: /home/r3v0/AndroidStudioProjects/EVABS-Tests/app/.externalNativeBuild/cmake/debug/armeabi/CMakeFiles/CMakeTmp

Run Build Command:"/home/r3v0/OldSDK/cmake/3.6.3155560/bin/ninja" "cmTC_1354f"
[1/2] Building C object CMakeFiles/cmTC_1354f.dir/testCCompiler.c.o
[2/2] Linking C executable cmTC_1354f


Detecting C compiler ABI info compiled with the following output:
Change Dir: /home/r3v0/AndroidStudioProjects/EVABS-Tests/app/.externalNativeBuild/cmake/debug/armeabi/CMakeFiles/CMakeTmp

Run Build Command:"/home/r3v0/OldSDK/cmake/3.6.3155560/bin/ninja" "cmTC_0f0b5"
[1/2] Building C object CMakeFiles/cmTC_0f0b5.dir/CMakeCCompilerABI.c.o
[2/2] Linking C executable cmTC_0f0b5
Android clang version 5.0.300080  (based on LLVM 5.0.300080)
Target: armv5te-none-linux-android
Thread model: posix
InstalledDir: /home/r3v0/OldSDK/ndk-bundle/toolchains/llvm/prebuilt/linux-x86_64/bin
Found candidate GCC installation: /home/r3v0/OldSDK/ndk-bundle/toolchains/arm-linux-androideabi-4.9/prebuilt/linux-x86_64/lib/gcc/arm-linux-androideabi/4.9.x
Selected GCC installation: /home/r3v0/OldSDK/ndk-bundle/toolchains/arm-linux-androideabi-4.9/prebuilt/linux-x86_64/lib/gcc/arm-linux-androideabi/4.9.x
Candidate multilib: thumb;@thumb
Candidate multilib: armv7-a;@armv7
Candidate multilib: armv7-a/thumb;@armv7@thumb
Candidate multilib: .;
Selected multilib: thumb;@thumb
 "/home/r3v0/OldSDK/ndk-bundle/toolchains/arm-linux-androideabi-4.9/prebuilt/linux-x86_64/lib/gcc/arm-linux-androideabi/4.9.x/../../../../arm-linux-androideabi/bin/ld" --sysroot=/home/r3v0/OldSDK/ndk-bundle/platforms/android-14/arch-arm -X --eh-frame-hdr -m armelf_linux_eabi -dynamic-linker /system/bin/linker -o cmTC_0f0b5 /home/r3v0/OldSDK/ndk-bundle/platforms/android-14/arch-arm/usr/lib/../lib/crtbegin_dynamic.o -L/home/r3v0/OldSDK/ndk-bundle/toolchains/llvm/prebuilt/linux-x86_64/lib64/clang/5.0.300080/lib/linux/arm -L/home/r3v0/OldSDK/ndk-bundle/toolchains/arm-linux-androideabi-4.9/prebuilt/linux-x86_64/lib/gcc/arm-linux-androideabi/4.9.x/thumb -L/home/r3v0/OldSDK/ndk-bundle/toolchains/arm-linux-androideabi-4.9/prebuilt/linux-x86_64/lib/gcc/arm-linux-androideabi/4.9.x/../../../../arm-linux-androideabi/lib/../lib/thumb -L/home/r3v0/OldSDK/ndk-bundle/platforms/android-14/arch-arm/usr/lib/../lib -L/home/r3v0/OldSDK/ndk-bundle/toolchains/arm-linux-androideabi-4.9/prebuilt/linux-x86_64/lib/gcc/arm-linux-androideabi/4.9.x/../../../../arm-linux-androideabi/lib/thumb -L/home/r3v0/OldSDK/ndk-bundle/platforms/android-14/arch-arm/usr/lib --exclude-libs libgcc.a --build-id --warn-shared-textrel --fatal-warnings --no-undefined -z noexecstack -z relro -z now --gc-sections -z nocopyreloc CMakeFiles/cmTC_0f0b5.dir/CMakeCCompilerABI.c.o -lgcc -ldl -lc -lgcc -ldl /home/r3v0/OldSDK/ndk-bundle/platforms/android-14/arch-arm/usr/lib/../lib/crtend_android.o


Parsed C implicit link information from above output:
  link line regex: [^( *|.*[/\])(arm-linux-androideabi-ld|([^/\]+-)?ld|collect2)[^/\]*( |$)]
  ignore line: [Change Dir: /home/r3v0/AndroidStudioProjects/EVABS-Tests/app/.externalNativeBuild/cmake/debug/armeabi/CMakeFiles/CMakeTmp]
  ignore line: []
  ignore line: [Run Build Command:"/home/r3v0/OldSDK/cmake/3.6.3155560/bin/ninja" "cmTC_0f0b5"]
  ignore line: [[1/2] Building C object CMakeFiles/cmTC_0f0b5.dir/CMakeCCompilerABI.c.o]
  ignore line: [[2/2] Linking C executable cmTC_0f0b5]
  ignore line: [Android clang version 5.0.300080  (based on LLVM 5.0.300080)]
  ignore line: [Target: armv5te-none-linux-android]
  ignore line: [Thread model: posix]
  ignore line: [InstalledDir: /home/r3v0/OldSDK/ndk-bundle/toolchains/llvm/prebuilt/linux-x86_64/bin]
  ignore line: [Found candidate GCC installation: /home/r3v0/OldSDK/ndk-bundle/toolchains/arm-linux-androideabi-4.9/prebuilt/linux-x86_64/lib/gcc/arm-linux-androideabi/4.9.x]
  ignore line: [Selected GCC installation: /home/r3v0/OldSDK/ndk-bundle/toolchains/arm-linux-androideabi-4.9/prebuilt/linux-x86_64/lib/gcc/arm-linux-androideabi/4.9.x]
  ignore line: [Candidate multilib: thumb]
  ignore line: [@thumb]
  ignore line: [Candidate multilib: armv7-a]
  ignore line: [@armv7]
  ignore line: [Candidate multilib: armv7-a/thumb]
  ignore line: [@armv7@thumb]
  ignore line: [Candidate multilib: .]
  ignore line: []
  ignore line: [Selected multilib: thumb]
  ignore line: [@thumb]
  link line: [ "/home/r3v0/OldSDK/ndk-bundle/toolchains/arm-linux-androideabi-4.9/prebuilt/linux-x86_64/lib/gcc/arm-linux-androideabi/4.9.x/../../../../arm-linux-androideabi/bin/ld" --sysroot=/home/r3v0/OldSDK/ndk-bundle/platforms/android-14/arch-arm -X --eh-frame-hdr -m armelf_linux_eabi -dynamic-linker /system/bin/linker -o cmTC_0f0b5 /home/r3v0/OldSDK/ndk-bundle/platforms/android-14/arch-arm/usr/lib/../lib/crtbegin_dynamic.o -L/home/r3v0/OldSDK/ndk-bundle/toolchains/llvm/prebuilt/linux-x86_64/lib64/clang/5.0.300080/lib/linux/arm -L/home/r3v0/OldSDK/ndk-bundle/toolchains/arm-linux-androideabi-4.9/prebuilt/linux-x86_64/lib/gcc/arm-linux-androideabi/4.9.x/thumb -L/home/r3v0/OldSDK/ndk-bundle/toolchains/arm-linux-androideabi-4.9/prebuilt/linux-x86_64/lib/gcc/arm-linux-androideabi/4.9.x/../../../../arm-linux-androideabi/lib/../lib/thumb -L/home/r3v0/OldSDK/ndk-bundle/platforms/android-14/arch-arm/usr/lib/../lib -L/home/r3v0/OldSDK/ndk-bundle/toolchains/arm-linux-androideabi-4.9/prebuilt/linux-x86_64/lib/gcc/arm-linux-androideabi/4.9.x/../../../../arm-linux-androideabi/lib/thumb -L/home/r3v0/OldSDK/ndk-bundle/platforms/android-14/arch-arm/usr/lib --exclude-libs libgcc.a --build-id --warn-shared-textrel --fatal-warnings --no-undefined -z noexecstack -z relro -z now --gc-sections -z nocopyreloc CMakeFiles/cmTC_0f0b5.dir/CMakeCCompilerABI.c.o -lgcc -ldl -lc -lgcc -ldl /home/r3v0/OldSDK/ndk-bundle/platforms/android-14/arch-arm/usr/lib/../lib/crtend_android.o]
    arg [/home/r3v0/OldSDK/ndk-bundle/toolchains/arm-linux-androideabi-4.9/prebuilt/linux-x86_64/lib/gcc/arm-linux-androideabi/4.9.x/../../../../arm-linux-androideabi/bin/ld] ==> ignore
    arg [--sysroot=/home/r3v0/OldSDK/ndk-bundle/platforms/android-14/arch-arm] ==> ignore
    arg [-X] ==> ignore
    arg [--eh-frame-hdr] ==> ignore
    arg [-m] ==> ignore
    arg [armelf_linux_eabi] ==> ignore
    arg [-dynamic-linker] ==> ignore
    arg [/system/bin/linker] ==> ignore
    arg [-o] ==> ignore
    arg [cmTC_0f0b5] ==> ignore
    arg [/home/r3v0/OldSDK/ndk-bundle/platforms/android-14/arch-arm/usr/lib/../lib/crtbegin_dynamic.o] ==> ignore
    arg [-L/home/r3v0/OldSDK/ndk-bundle/toolchains/llvm/prebuilt/linux-x86_64/lib64/clang/5.0.300080/lib/linux/arm] ==> dir [/home/r3v0/OldSDK/ndk-bundle/toolchains/llvm/prebuilt/linux-x86_64/lib64/clang/5.0.300080/lib/linux/arm]
    arg [-L/home/r3v0/OldSDK/ndk-bundle/toolchains/arm-linux-androideabi-4.9/prebuilt/linux-x86_64/lib/gcc/arm-linux-androideabi/4.9.x/thumb] ==> dir [/home/r3v0/OldSDK/ndk-bundle/toolchains/arm-linux-androideabi-4.9/prebuilt/linux-x86_64/lib/gcc/arm-linux-androideabi/4.9.x/thumb]
    arg [-L/home/r3v0/OldSDK/ndk-bundle/toolchains/arm-linux-androideabi-4.9/prebuilt/linux-x86_64/lib/gcc/arm-linux-androideabi/4.9.x/../../../../arm-linux-androideabi/lib/../lib/thumb] ==> dir [/home/r3v0/OldSDK/ndk-bundle/toolchains/arm-linux-androideabi-4.9/prebuilt/linux-x86_64/lib/gcc/arm-linux-androideabi/4.9.x/../../../../arm-linux-androideabi/lib/../lib/thumb]
    arg [-L/home/r3v0/OldSDK/ndk-bundle/platforms/android-14/arch-arm/usr/lib/../lib] ==> dir [/home/r3v0/OldSDK/ndk-bundle/platforms/android-14/arch-arm/usr/lib/../lib]
    arg [-L/home/r3v0/OldSDK/ndk-bundle/toolchains/arm-linux-androideabi-4.9/prebuilt/linux-x86_64/lib/gcc/arm-linux-androideabi/4.9.x/../../../../arm-linux-androideabi/lib/thumb] ==> dir [/home/r3v0/OldSDK/ndk-bundle/toolchains/arm-linux-androideabi-4.9/prebuilt/linux-x86_64/lib/gcc/arm-linux-androideabi/4.9.x/../../../../arm-linux-androideabi/lib/thumb]
    arg [-L/home/r3v0/OldSDK/ndk-bundle/platforms/android-14/arch-arm/usr/lib] ==> dir [/home/r3v0/OldSDK/ndk-bundle/platforms/android-14/arch-arm/usr/lib]
    arg [--exclude-libs] ==> ignore
    arg [libgcc.a] ==> ignore
    arg [--build-id] ==> ignore
    arg [--warn-shared-textrel] ==> ignore
    arg [--fatal-warnings] ==> ignore
    arg [--no-undefined] ==> ignore
    arg [-znoexecstack] ==> ignore
    arg [-zrelro] ==> ignore
    arg [-znow] ==> ignore
    arg [--gc-sections] ==> ignore
    arg [-znocopyreloc] ==> ignore
    arg [CMakeFiles/cmTC_0f0b5.dir/CMakeCCompilerABI.c.o] ==> ignore
    arg [-lgcc] ==> lib [gcc]
    arg [-ldl] ==> lib [dl]
    arg [-lc] ==> lib [c]
    arg [-lgcc] ==> lib [gcc]
    arg [-ldl] ==> lib [dl]
    arg [/home/r3v0/OldSDK/ndk-bundle/platforms/android-14/arch-arm/usr/lib/../lib/crtend_android.o] ==> ignore
  remove lib [gcc]
  remove lib [gcc]
  collapse library dir [/home/r3v0/OldSDK/ndk-bundle/toolchains/llvm/prebuilt/linux-x86_64/lib64/clang/5.0.300080/lib/linux/arm] ==> [/home/r3v0/OldSDK/ndk-bundle/toolchains/llvm/prebuilt/linux-x86_64/lib64/clang/5.0.300080/lib/linux/arm]
  collapse library dir [/home/r3v0/OldSDK/ndk-bundle/toolchains/arm-linux-androideabi-4.9/prebuilt/linux-x86_64/lib/gcc/arm-linux-androideabi/4.9.x/thumb] ==> [/home/r3v0/OldSDK/ndk-bundle/toolchains/arm-linux-androideabi-4.9/prebuilt/linux-x86_64/lib/gcc/arm-linux-androideabi/4.9.x/thumb]
  collapse library dir [/home/r3v0/OldSDK/ndk-bundle/toolchains/arm-linux-androideabi-4.9/prebuilt/linux-x86_64/lib/gcc/arm-linux-androideabi/4.9.x/../../../../arm-linux-androideabi/lib/../lib/thumb] ==> [/home/r3v0/OldSDK/ndk-bundle/toolchains/arm-linux-androideabi-4.9/prebuilt/linux-x86_64/arm-linux-androideabi/lib/thumb]
  collapse library dir [/home/r3v0/OldSDK/ndk-bundle/platforms/android-14/arch-arm/usr/lib/../lib] ==> [/home/r3v0/OldSDK/ndk-bundle/platforms/android-14/arch-arm/usr/lib]
  collapse library dir [/home/r3v0/OldSDK/ndk-bundle/toolchains/arm-linux-androideabi-4.9/prebuilt/linux-x86_64/lib/gcc/arm-linux-androideabi/4.9.x/../../../../arm-linux-androideabi/lib/thumb] ==> [/home/r3v0/OldSDK/ndk-bundle/toolchains/arm-linux-androideabi-4.9/prebuilt/linux-x86_64/arm-linux-androideabi/lib/thumb]
  collapse library dir [/home/r3v0/OldSDK/ndk-bundle/platforms/android-14/arch-arm/usr/lib] ==> [/home/r3v0/OldSDK/ndk-bundle/platforms/android-14/arch-arm/usr/lib]
  implicit libs: [dl;c;dl]
  implicit dirs: [/home/r3v0/OldSDK/ndk-bundle/toolchains/llvm/prebuilt/linux-x86_64/lib64/clang/5.0.300080/lib/linux/arm;/home/r3v0/OldSDK/ndk-bundle/toolchains/arm-linux-androideabi-4.9/prebuilt/linux-x86_64/lib/gcc/arm-linux-androideabi/4.9.x/thumb;/home/r3v0/OldSDK/ndk-bundle/toolchains/arm-linux-androideabi-4.9/prebuilt/linux-x86_64/arm-linux-androideabi/lib/thumb;/home/r3v0/OldSDK/ndk-bundle/platforms/android-14/arch-arm/usr/lib]
  implicit fwks: []




Detecting C [-std=c11] compiler features compiled with the following output:
Change Dir: /home/r3v0/AndroidStudioProjects/EVABS-Tests/app/.externalNativeBuild/cmake/debug/armeabi/CMakeFiles/CMakeTmp

Run Build Command:"/home/r3v0/OldSDK/cmake/3.6.3155560/bin/ninja" "cmTC_01f43"
[1/2] Building C object CMakeFiles/cmTC_01f43.dir/feature_tests.c.o
[2/2] Linking C executable cmTC_01f43


    Feature record: C_FEATURE:1c_function_prototypes
    Feature record: C_FEATURE:1c_restrict
    Feature record: C_FEATURE:1c_static_assert
    Feature record: C_FEATURE:1c_variadic_macros


Detecting C [-std=c99] compiler features compiled with the following output:
Change Dir: /home/r3v0/AndroidStudioProjects/EVABS-Tests/app/.externalNativeBuild/cmake/debug/armeabi/CMakeFiles/CMakeTmp

Run Build Command:"/home/r3v0/OldSDK/cmake/3.6.3155560/bin/ninja" "cmTC_b12ed"
[1/2] Building C object CMakeFiles/cmTC_b12ed.dir/feature_tests.c.o
[2/2] Linking C executable cmTC_b12ed


    Feature record: C_FEATURE:1c_function_prototypes
    Feature record: C_FEATURE:1c_restrict
    Feature record: C_FEATURE:0c_static_assert
    Feature record: C_FEATURE:1c_variadic_macros


Detecting C [-std=c90] compiler features compiled with the following output:
Change Dir: /home/r3v0/AndroidStudioProjects/EVABS-Tests/app/.externalNativeBuild/cmake/debug/armeabi/CMakeFiles/CMakeTmp

Run Build Command:"/home/r3v0/OldSDK/cmake/3.6.3155560/bin/ninja" "cmTC_361d7"
[1/2] Building C object CMakeFiles/cmTC_361d7.dir/feature_tests.c.o
[2/2] Linking C executable cmTC_361d7


    Feature record: C_FEATURE:1c_function_prototypes
    Feature record: C_FEATURE:0c_restrict
    Feature record: C_FEATURE:0c_static_assert
    Feature record: C_FEATURE:0c_variadic_macros
Determining if the CXX compiler works passed with the following output:
Change Dir: /home/r3v0/AndroidStudioProjects/EVABS-Tests/app/.externalNativeBuild/cmake/debug/armeabi/CMakeFiles/CMakeTmp

Run Build Command:"/home/r3v0/OldSDK/cmake/3.6.3155560/bin/ninja" "cmTC_5cce6"
[1/2] Building CXX object CMakeFiles/cmTC_5cce6.dir/testCXXCompiler.cxx.o
[2/2] Linking CXX executable cmTC_5cce6


Detecting CXX compiler ABI info compiled with the following output:
Change Dir: /home/r3v0/AndroidStudioProjects/EVABS-Tests/app/.externalNativeBuild/cmake/debug/armeabi/CMakeFiles/CMakeTmp

Run Build Command:"/home/r3v0/OldSDK/cmake/3.6.3155560/bin/ninja" "cmTC_f1c76"
[1/2] Building CXX object CMakeFiles/cmTC_f1c76.dir/CMakeCXXCompilerABI.cpp.o
[2/2] Linking CXX executable cmTC_f1c76
Android clang version 5.0.300080  (based on LLVM 5.0.300080)
Target: armv5te-none-linux-android
Thread model: posix
InstalledDir: /home/r3v0/OldSDK/ndk-bundle/toolchains/llvm/prebuilt/linux-x86_64/bin
Found candidate GCC installation: /home/r3v0/OldSDK/ndk-bundle/toolchains/arm-linux-androideabi-4.9/prebuilt/linux-x86_64/lib/gcc/arm-linux-androideabi/4.9.x
Selected GCC installation: /home/r3v0/OldSDK/ndk-bundle/toolchains/arm-linux-androideabi-4.9/prebuilt/linux-x86_64/lib/gcc/arm-linux-androideabi/4.9.x
Candidate multilib: thumb;@thumb
Candidate multilib: armv7-a;@armv7
Candidate multilib: armv7-a/thumb;@armv7@thumb
Candidate multilib: .;
Selected multilib: thumb;@thumb
 "/home/r3v0/OldSDK/ndk-bundle/toolchains/arm-linux-androideabi-4.9/prebuilt/linux-x86_64/lib/gcc/arm-linux-androideabi/4.9.x/../../../../arm-linux-androideabi/bin/ld" --sysroot=/home/r3v0/OldSDK/ndk-bundle/platforms/android-14/arch-arm -X --eh-frame-hdr -m armelf_linux_eabi -dynamic-linker /system/bin/linker -o cmTC_f1c76 /home/r3v0/OldSDK/ndk-bundle/platforms/android-14/arch-arm/usr/lib/../lib/crtbegin_dynamic.o -L/home/r3v0/OldSDK/ndk-bundle/toolchains/llvm/prebuilt/linux-x86_64/lib64/clang/5.0.300080/lib/linux/arm -L/home/r3v0/OldSDK/ndk-bundle/toolchains/arm-linux-androideabi-4.9/prebuilt/linux-x86_64/lib/gcc/arm-linux-androideabi/4.9.x/thumb -L/home/r3v0/OldSDK/ndk-bundle/toolchains/arm-linux-androideabi-4.9/prebuilt/linux-x86_64/lib/gcc/arm-linux-androideabi/4.9.x/../../../../arm-linux-androideabi/lib/../lib/thumb -L/home/r3v0/OldSDK/ndk-bundle/platforms/android-14/arch-arm/usr/lib/../lib -L/home/r3v0/OldSDK/ndk-bundle/toolchains/arm-linux-androideabi-4.9/prebuilt/linux-x86_64/lib/gcc/arm-linux-androideabi/4.9.x/../../../../arm-linux-androideabi/lib/thumb -L/home/r3v0/OldSDK/ndk-bundle/platforms/android-14/arch-arm/usr/lib --exclude-libs libgcc.a --build-id --warn-shared-textrel --fatal-warnings --no-undefined -z noexecstack -z relro -z now --gc-sections -z nocopyreloc CMakeFiles/cmTC_f1c76.dir/CMakeCXXCompilerABI.cpp.o -lstdc++ -lm -lgcc -lgcc -ldl -lc -lgcc -lgcc -ldl /home/r3v0/OldSDK/ndk-bundle/platforms/android-14/arch-arm/usr/lib/../lib/crtend_android.o


Parsed CXX implicit link information from above output:
  link line regex: [^( *|.*[/\])(arm-linux-androideabi-ld|([^/\]+-)?ld|collect2)[^/\]*( |$)]
  ignore line: [Change Dir: /home/r3v0/AndroidStudioProjects/EVABS-Tests/app/.externalNativeBuild/cmake/debug/armeabi/CMakeFiles/CMakeTmp]
  ignore line: []
  ignore line: [Run Build Command:"/home/r3v0/OldSDK/cmake/3.6.3155560/bin/ninja" "cmTC_f1c76"]
  ignore line: [[1/2] Building CXX object CMakeFiles/cmTC_f1c76.dir/CMakeCXXCompilerABI.cpp.o]
  ignore line: [[2/2] Linking CXX executable cmTC_f1c76]
  ignore line: [Android clang version 5.0.300080  (based on LLVM 5.0.300080)]
  ignore line: [Target: armv5te-none-linux-android]
  ignore line: [Thread model: posix]
  ignore line: [InstalledDir: /home/r3v0/OldSDK/ndk-bundle/toolchains/llvm/prebuilt/linux-x86_64/bin]
  ignore line: [Found candidate GCC installation: /home/r3v0/OldSDK/ndk-bundle/toolchains/arm-linux-androideabi-4.9/prebuilt/linux-x86_64/lib/gcc/arm-linux-androideabi/4.9.x]
  ignore line: [Selected GCC installation: /home/r3v0/OldSDK/ndk-bundle/toolchains/arm-linux-androideabi-4.9/prebuilt/linux-x86_64/lib/gcc/arm-linux-androideabi/4.9.x]
  ignore line: [Candidate multilib: thumb]
  ignore line: [@thumb]
  ignore line: [Candidate multilib: armv7-a]
  ignore line: [@armv7]
  ignore line: [Candidate multilib: armv7-a/thumb]
  ignore line: [@armv7@thumb]
  ignore line: [Candidate multilib: .]
  ignore line: []
  ignore line: [Selected multilib: thumb]
  ignore line: [@thumb]
  link line: [ "/home/r3v0/OldSDK/ndk-bundle/toolchains/arm-linux-androideabi-4.9/prebuilt/linux-x86_64/lib/gcc/arm-linux-androideabi/4.9.x/../../../../arm-linux-androideabi/bin/ld" --sysroot=/home/r3v0/OldSDK/ndk-bundle/platforms/android-14/arch-arm -X --eh-frame-hdr -m armelf_linux_eabi -dynamic-linker /system/bin/linker -o cmTC_f1c76 /home/r3v0/OldSDK/ndk-bundle/platforms/android-14/arch-arm/usr/lib/../lib/crtbegin_dynamic.o -L/home/r3v0/OldSDK/ndk-bundle/toolchains/llvm/prebuilt/linux-x86_64/lib64/clang/5.0.300080/lib/linux/arm -L/home/r3v0/OldSDK/ndk-bundle/toolchains/arm-linux-androideabi-4.9/prebuilt/linux-x86_64/lib/gcc/arm-linux-androideabi/4.9.x/thumb -L/home/r3v0/OldSDK/ndk-bundle/toolchains/arm-linux-androideabi-4.9/prebuilt/linux-x86_64/lib/gcc/arm-linux-androideabi/4.9.x/../../../../arm-linux-androideabi/lib/../lib/thumb -L/home/r3v0/OldSDK/ndk-bundle/platforms/android-14/arch-arm/usr/lib/../lib -L/home/r3v0/OldSDK/ndk-bundle/toolchains/arm-linux-androideabi-4.9/prebuilt/linux-x86_64/lib/gcc/arm-linux-androideabi/4.9.x/../../../../arm-linux-androideabi/lib/thumb -L/home/r3v0/OldSDK/ndk-bundle/platforms/android-14/arch-arm/usr/lib --exclude-libs libgcc.a --build-id --warn-shared-textrel --fatal-warnings --no-undefined -z noexecstack -z relro -z now --gc-sections -z nocopyreloc CMakeFiles/cmTC_f1c76.dir/CMakeCXXCompilerABI.cpp.o -lstdc++ -lm -lgcc -lgcc -ldl -lc -lgcc -lgcc -ldl /home/r3v0/OldSDK/ndk-bundle/platforms/android-14/arch-arm/usr/lib/../lib/crtend_android.o]
    arg [/home/r3v0/OldSDK/ndk-bundle/toolchains/arm-linux-androideabi-4.9/prebuilt/linux-x86_64/lib/gcc/arm-linux-androideabi/4.9.x/../../../../arm-linux-androideabi/bin/ld] ==> ignore
    arg [--sysroot=/home/r3v0/OldSDK/ndk-bundle/platforms/android-14/arch-arm] ==> ignore
    arg [-X] ==> ignore
    arg [--eh-frame-hdr] ==> ignore
    arg [-m] ==> ignore
    arg [armelf_linux_eabi] ==> ignore
    arg [-dynamic-linker] ==> ignore
    arg [/system/bin/linker] ==> ignore
    arg [-o] ==> ignore
    arg [cmTC_f1c76] ==> ignore
    arg [/home/r3v0/OldSDK/ndk-bundle/platforms/android-14/arch-arm/usr/lib/../lib/crtbegin_dynamic.o] ==> ignore
    arg [-L/home/r3v0/OldSDK/ndk-bundle/toolchains/llvm/prebuilt/linux-x86_64/lib64/clang/5.0.300080/lib/linux/arm] ==> dir [/home/r3v0/OldSDK/ndk-bundle/toolchains/llvm/prebuilt/linux-x86_64/lib64/clang/5.0.300080/lib/linux/arm]
    arg [-L/home/r3v0/OldSDK/ndk-bundle/toolchains/arm-linux-androideabi-4.9/prebuilt/linux-x86_64/lib/gcc/arm-linux-androideabi/4.9.x/thumb] ==> dir [/home/r3v0/OldSDK/ndk-bundle/toolchains/arm-linux-androideabi-4.9/prebuilt/linux-x86_64/lib/gcc/arm-linux-androideabi/4.9.x/thumb]
    arg [-L/home/r3v0/OldSDK/ndk-bundle/toolchains/arm-linux-androideabi-4.9/prebuilt/linux-x86_64/lib/gcc/arm-linux-androideabi/4.9.x/../../../../arm-linux-androideabi/lib/../lib/thumb] ==> dir [/home/r3v0/OldSDK/ndk-bundle/toolchains/arm-linux-androideabi-4.9/prebuilt/linux-x86_64/lib/gcc/arm-linux-androideabi/4.9.x/../../../../arm-linux-androideabi/lib/../lib/thumb]
    arg [-L/home/r3v0/OldSDK/ndk-bundle/platforms/android-14/arch-arm/usr/lib/../lib] ==> dir [/home/r3v0/OldSDK/ndk-bundle/platforms/android-14/arch-arm/usr/lib/../lib]
    arg [-L/home/r3v0/OldSDK/ndk-bundle/toolchains/arm-linux-androideabi-4.9/prebuilt/linux-x86_64/lib/gcc/arm-linux-androideabi/4.9.x/../../../../arm-linux-androideabi/lib/thumb] ==> dir [/home/r3v0/OldSDK/ndk-bundle/toolchains/arm-linux-androideabi-4.9/prebuilt/linux-x86_64/lib/gcc/arm-linux-androideabi/4.9.x/../../../../arm-linux-androideabi/lib/thumb]
    arg [-L/home/r3v0/OldSDK/ndk-bundle/platforms/android-14/arch-arm/usr/lib] ==> dir [/home/r3v0/OldSDK/ndk-bundle/platforms/android-14/arch-arm/usr/lib]
    arg [--exclude-libs] ==> ignore
    arg [libgcc.a] ==> ignore
    arg [--build-id] ==> ignore
    arg [--warn-shared-textrel] ==> ignore
    arg [--fatal-warnings] ==> ignore
    arg [--no-undefined] ==> ignore
    arg [-znoexecstack] ==> ignore
    arg [-zrelro] ==> ignore
    arg [-znow] ==> ignore
    arg [--gc-sections] ==> ignore
    arg [-znocopyreloc] ==> ignore
    arg [CMakeFiles/cmTC_f1c76.dir/CMakeCXXCompilerABI.cpp.o] ==> ignore
    arg [-lstdc++] ==> lib [stdc++]
    arg [-lm] ==> lib [m]
    arg [-lgcc] ==> lib [gcc]
    arg [-lgcc] ==> lib [gcc]
    arg [-ldl] ==> lib [dl]
    arg [-lc] ==> lib [c]
    arg [-lgcc] ==> lib [gcc]
    arg [-lgcc] ==> lib [gcc]
    arg [-ldl] ==> lib [dl]
    arg [/home/r3v0/OldSDK/ndk-bundle/platforms/android-14/arch-arm/usr/lib/../lib/crtend_android.o] ==> ignore
  remove lib [gcc]
  remove lib [gcc]
  remove lib [gcc]
  remove lib [gcc]
  collapse library dir [/home/r3v0/OldSDK/ndk-bundle/toolchains/llvm/prebuilt/linux-x86_64/lib64/clang/5.0.300080/lib/linux/arm] ==> [/home/r3v0/OldSDK/ndk-bundle/toolchains/llvm/prebuilt/linux-x86_64/lib64/clang/5.0.300080/lib/linux/arm]
  collapse library dir [/home/r3v0/OldSDK/ndk-bundle/toolchains/arm-linux-androideabi-4.9/prebuilt/linux-x86_64/lib/gcc/arm-linux-androideabi/4.9.x/thumb] ==> [/home/r3v0/OldSDK/ndk-bundle/toolchains/arm-linux-androideabi-4.9/prebuilt/linux-x86_64/lib/gcc/arm-linux-androideabi/4.9.x/thumb]
  collapse library dir [/home/r3v0/OldSDK/ndk-bundle/toolchains/arm-linux-androideabi-4.9/prebuilt/linux-x86_64/lib/gcc/arm-linux-androideabi/4.9.x/../../../../arm-linux-androideabi/lib/../lib/thumb] ==> [/home/r3v0/OldSDK/ndk-bundle/toolchains/arm-linux-androideabi-4.9/prebuilt/linux-x86_64/arm-linux-androideabi/lib/thumb]
  collapse library dir [/home/r3v0/OldSDK/ndk-bundle/platforms/android-14/arch-arm/usr/lib/../lib] ==> [/home/r3v0/OldSDK/ndk-bundle/platforms/android-14/arch-arm/usr/lib]
  collapse library dir [/home/r3v0/OldSDK/ndk-bundle/toolchains/arm-linux-androideabi-4.9/prebuilt/linux-x86_64/lib/gcc/arm-linux-androideabi/4.9.x/../../../../arm-linux-androideabi/lib/thumb] ==> [/home/r3v0/OldSDK/ndk-bundle/toolchains/arm-linux-androideabi-4.9/prebuilt/linux-x86_64/arm-linux-androideabi/lib/thumb]
  collapse library dir [/home/r3v0/OldSDK/ndk-bundle/platforms/android-14/arch-arm/usr/lib] ==> [/home/r3v0/OldSDK/ndk-bundle/platforms/android-14/arch-arm/usr/lib]
  implicit libs: [stdc++;m;dl;c;dl]
  implicit dirs: [/home/r3v0/OldSDK/ndk-bundle/toolchains/llvm/prebuilt/linux-x86_64/lib64/clang/5.0.300080/lib/linux/arm;/home/r3v0/OldSDK/ndk-bundle/toolchains/arm-linux-androideabi-4.9/prebuilt/linux-x86_64/lib/gcc/arm-linux-androideabi/4.9.x/thumb;/home/r3v0/OldSDK/ndk-bundle/toolchains/arm-linux-androideabi-4.9/prebuilt/linux-x86_64/arm-linux-androideabi/lib/thumb;/home/r3v0/OldSDK/ndk-bundle/platforms/android-14/arch-arm/usr/lib]
  implicit fwks: []




Detecting CXX [-std=c++14] compiler features compiled with the following output:
Change Dir: /home/r3v0/AndroidStudioProjects/EVABS-Tests/app/.externalNativeBuild/cmake/debug/armeabi/CMakeFiles/CMakeTmp

Run Build Command:"/home/r3v0/OldSDK/cmake/3.6.3155560/bin/ninja" "cmTC_fdf74"
[1/2] Building CXX object CMakeFiles/cmTC_fdf74.dir/feature_tests.cxx.o
[2/2] Linking CXX executable cmTC_fdf74


    Feature record: CXX_FEATURE:1cxx_aggregate_default_initializers
    Feature record: CXX_FEATURE:1cxx_alias_templates
    Feature record: CXX_FEATURE:1cxx_alignas
    Feature record: CXX_FEATURE:1cxx_alignof
    Feature record: CXX_FEATURE:1cxx_attributes
    Feature record: CXX_FEATURE:1cxx_attribute_deprecated
    Feature record: CXX_FEATURE:1cxx_auto_type
    Feature record: CXX_FEATURE:1cxx_binary_literals
    Feature record: CXX_FEATURE:1cxx_constexpr
    Feature record: CXX_FEATURE:1cxx_contextual_conversions
    Feature record: CXX_FEATURE:1cxx_decltype
    Feature record: CXX_FEATURE:1cxx_decltype_auto
    Feature record: CXX_FEATURE:1cxx_decltype_incomplete_return_types
    Feature record: CXX_FEATURE:1cxx_default_function_template_args
    Feature record: CXX_FEATURE:1cxx_defaulted_functions
    Feature record: CXX_FEATURE:1cxx_defaulted_move_initializers
    Feature record: CXX_FEATURE:1cxx_delegating_constructors
    Feature record: CXX_FEATURE:1cxx_deleted_functions
    Feature record: CXX_FEATURE:1cxx_digit_separators
    Feature record: CXX_FEATURE:1cxx_enum_forward_declarations
    Feature record: CXX_FEATURE:1cxx_explicit_conversions
    Feature record: CXX_FEATURE:1cxx_extended_friend_declarations
    Feature record: CXX_FEATURE:1cxx_extern_templates
    Feature record: CXX_FEATURE:1cxx_final
    Feature record: CXX_FEATURE:1cxx_func_identifier
    Feature record: CXX_FEATURE:1cxx_generalized_initializers
    Feature record: CXX_FEATURE:1cxx_generic_lambdas
    Feature record: CXX_FEATURE:1cxx_inheriting_constructors
    Feature record: CXX_FEATURE:1cxx_inline_namespaces
    Feature record: CXX_FEATURE:1cxx_lambdas
    Feature record: CXX_FEATURE:1cxx_lambda_init_captures
    Feature record: CXX_FEATURE:1cxx_local_type_template_args
    Feature record: CXX_FEATURE:1cxx_long_long_type
    Feature record: CXX_FEATURE:1cxx_noexcept
    Feature record: CXX_FEATURE:1cxx_nonstatic_member_init
    Feature record: CXX_FEATURE:1cxx_nullptr
    Feature record: CXX_FEATURE:1cxx_override
    Feature record: CXX_FEATURE:1cxx_range_for
    Feature record: CXX_FEATURE:1cxx_raw_string_literals
    Feature record: CXX_FEATURE:1cxx_reference_qualified_functions
    Feature record: CXX_FEATURE:1cxx_relaxed_constexpr
    Feature record: CXX_FEATURE:1cxx_return_type_deduction
    Feature record: CXX_FEATURE:1cxx_right_angle_brackets
    Feature record: CXX_FEATURE:1cxx_rvalue_references
    Feature record: CXX_FEATURE:1cxx_sizeof_member
    Feature record: CXX_FEATURE:1cxx_static_assert
    Feature record: CXX_FEATURE:1cxx_strong_enums
    Feature record: CXX_FEATURE:1cxx_template_template_parameters
    Feature record: CXX_FEATURE:1cxx_thread_local
    Feature record: CXX_FEATURE:1cxx_trailing_return_types
    Feature record: CXX_FEATURE:1cxx_unicode_literals
    Feature record: CXX_FEATURE:1cxx_uniform_initialization
    Feature record: CXX_FEATURE:1cxx_unrestricted_unions
    Feature record: CXX_FEATURE:1cxx_user_literals
    Feature record: CXX_FEATURE:1cxx_variable_templates
    Feature record: CXX_FEATURE:1cxx_variadic_macros
    Feature record: CXX_FEATURE:1cxx_variadic_templates


Detecting CXX [-std=c++11] compiler features compiled with the following output:
Change Dir: /home/r3v0/AndroidStudioProjects/EVABS-Tests/app/.externalNativeBuild/cmake/debug/armeabi/CMakeFiles/CMakeTmp

Run Build Command:"/home/r3v0/OldSDK/cmake/3.6.3155560/bin/ninja" "cmTC_386be"
[1/2] Building CXX object CMakeFiles/cmTC_386be.dir/feature_tests.cxx.o
[2/2] Linking CXX executable cmTC_386be


    Feature record: CXX_FEATURE:0cxx_aggregate_default_initializers
    Feature record: CXX_FEATURE:1cxx_alias_templates
    Feature record: CXX_FEATURE:1cxx_alignas
    Feature record: CXX_FEATURE:1cxx_alignof
    Feature record: CXX_FEATURE:1cxx_attributes
    Feature record: CXX_FEATURE:0cxx_attribute_deprecated
    Feature record: CXX_FEATURE:1cxx_auto_type
    Feature record: CXX_FEATURE:0cxx_binary_literals
    Feature record: CXX_FEATURE:1cxx_constexpr
    Feature record: CXX_FEATURE:0cxx_contextual_conversions
    Feature record: CXX_FEATURE:1cxx_decltype
    Feature record: CXX_FEATURE:0cxx_decltype_auto
    Feature record: CXX_FEATURE:1cxx_decltype_incomplete_return_types
    Feature record: CXX_FEATURE:1cxx_default_function_template_args
    Feature record: CXX_FEATURE:1cxx_defaulted_functions
    Feature record: CXX_FEATURE:1cxx_defaulted_move_initializers
    Feature record: CXX_FEATURE:1cxx_delegating_constructors
    Feature record: CXX_FEATURE:1cxx_deleted_functions
    Feature record: CXX_FEATURE:0cxx_digit_separators
    Feature record: CXX_FEATURE:1cxx_enum_forward_declarations
    Feature record: CXX_FEATURE:1cxx_explicit_conversions
    Feature record: CXX_FEATURE:1cxx_extended_friend_declarations
    Feature record: CXX_FEATURE:1cxx_extern_templates
    Feature record: CXX_FEATURE:1cxx_final
    Feature record: CXX_FEATURE:1cxx_func_identifier
    Feature record: CXX_FEATURE:1cxx_generalized_initializers
    Feature record: CXX_FEATURE:0cxx_generic_lambdas
    Feature record: CXX_FEATURE:1cxx_inheriting_constructors
    Feature record: CXX_FEATURE:1cxx_inline_namespaces
    Feature record: CXX_FEATURE:1cxx_lambdas
    Feature record: CXX_FEATURE:0cxx_lambda_init_captures
    Feature record: CXX_FEATURE:1cxx_local_type_template_args
    Feature record: CXX_FEATURE:1cxx_long_long_type
    Feature record: CXX_FEATURE:1cxx_noexcept
    Feature record: CXX_FEATURE:1cxx_nonstatic_member_init
    Feature record: CXX_FEATURE:1cxx_nullptr
    Feature record: CXX_FEATURE:1cxx_override
    Feature record: CXX_FEATURE:1cxx_range_for
    Feature record: CXX_FEATURE:1cxx_raw_string_literals
    Feature record: CXX_FEATURE:1cxx_reference_qualified_functions
    Feature record: CXX_FEATURE:0cxx_relaxed_constexpr
    Feature record: CXX_FEATURE:0cxx_return_type_deduction
    Feature record: CXX_FEATURE:1cxx_right_angle_brackets
    Feature record: CXX_FEATURE:1cxx_rvalue_references
    Feature record: CXX_FEATURE:1cxx_sizeof_member
    Feature record: CXX_FEATURE:1cxx_static_assert
    Feature record: CXX_FEATURE:1cxx_strong_enums
    Feature record: CXX_FEATURE:1cxx_template_template_parameters
    Feature record: CXX_FEATURE:1cxx_thread_local
    Feature record: CXX_FEATURE:1cxx_trailing_return_types
    Feature record: CXX_FEATURE:1cxx_unicode_literals
    Feature record: CXX_FEATURE:1cxx_uniform_initialization
    Feature record: CXX_FEATURE:1cxx_unrestricted_unions
    Feature record: CXX_FEATURE:1cxx_user_literals
    Feature record: CXX_FEATURE:0cxx_variable_templates
    Feature record: CXX_FEATURE:1cxx_variadic_macros
    Feature record: CXX_FEATURE:1cxx_variadic_templates


Detecting CXX [-std=c++98] compiler features compiled with the following output:
Change Dir: /home/r3v0/AndroidStudioProjects/EVABS-Tests/app/.externalNativeBuild/cmake/debug/armeabi/CMakeFiles/CMakeTmp

Run Build Command:"/home/r3v0/OldSDK/cmake/3.6.3155560/bin/ninja" "cmTC_12eab"
[1/2] Building CXX object CMakeFiles/cmTC_12eab.dir/feature_tests.cxx.o
[2/2] Linking CXX executable cmTC_12eab


    Feature record: CXX_FEATURE:0cxx_aggregate_default_initializers
    Feature record: CXX_FEATURE:0cxx_alias_templates
    Feature record: CXX_FEATURE:0cxx_alignas
    Feature record: CXX_FEATURE:0cxx_alignof
    Feature record: CXX_FEATURE:0cxx_attributes
    Feature record: CXX_FEATURE:0cxx_attribute_deprecated
    Feature record: CXX_FEATURE:0cxx_auto_type
    Feature record: CXX_FEATURE:0cxx_binary_literals
    Feature record: CXX_FEATURE:0cxx_constexpr
    Feature record: CXX_FEATURE:0cxx_contextual_conversions
    Feature record: CXX_FEATURE:0cxx_decltype
    Feature record: CXX_FEATURE:0cxx_decltype_auto
    Feature record: CXX_FEATURE:0cxx_decltype_incomplete_return_types
    Feature record: CXX_FEATURE:0cxx_default_function_template_args
    Feature record: CXX_FEATURE:0cxx_defaulted_functions
    Feature record: CXX_FEATURE:0cxx_defaulted_move_initializers
    Feature record: CXX_FEATURE:0cxx_delegating_constructors
    Feature record: CXX_FEATURE:0cxx_deleted_functions
    Feature record: CXX_FEATURE:0cxx_digit_separators
    Feature record: CXX_FEATURE:0cxx_enum_forward_declarations
    Feature record: CXX_FEATURE:0cxx_explicit_conversions
    Feature record: CXX_FEATURE:0cxx_extended_friend_declarations
    Feature record: CXX_FEATURE:0cxx_extern_templates
    Feature record: CXX_FEATURE:0cxx_final
    Feature record: CXX_FEATURE:0cxx_func_identifier
    Feature record: CXX_FEATURE:0cxx_generalized_initializers
    Feature record: CXX_FEATURE:0cxx_generic_lambdas
    Feature record: CXX_FEATURE:0cxx_inheriting_constructors
    Feature record: CXX_FEATURE:0cxx_inline_namespaces
    Feature record: CXX_FEATURE:0cxx_lambdas
    Feature record: CXX_FEATURE:0cxx_lambda_init_captures
    Feature record: CXX_FEATURE:0cxx_local_type_template_args
    Feature record: CXX_FEATURE:0cxx_long_long_type
    Feature record: CXX_FEATURE:0cxx_noexcept
    Feature record: CXX_FEATURE:0cxx_nonstatic_member_init
    Feature record: CXX_FEATURE:0cxx_nullptr
    Feature record: CXX_FEATURE:0cxx_override
    Feature record: CXX_FEATURE:0cxx_range_for
    Feature record: CXX_FEATURE:0cxx_raw_string_literals
    Feature record: CXX_FEATURE:0cxx_reference_qualified_functions
    Feature record: CXX_FEATURE:0cxx_relaxed_constexpr
    Feature record: CXX_FEATURE:0cxx_return_type_deduction
    Feature record: CXX_FEATURE:0cxx_right_angle_brackets
    Feature record: CXX_FEATURE:0cxx_rvalue_references
    Feature record: CXX_FEATURE:0cxx_sizeof_member
    Feature record: CXX_FEATURE:0cxx_static_assert
    Feature record: CXX_FEATURE:0cxx_strong_enums
    Feature record: CXX_FEATURE:1cxx_template_template_parameters
    Feature record: CXX_FEATURE:0cxx_thread_local
    Feature record: CXX_FEATURE:0cxx_trailing_return_types
    Feature record: CXX_FEATURE:0cxx_unicode_literals
    Feature record: CXX_FEATURE:0cxx_uniform_initialization
    Feature record: CXX_FEATURE:0cxx_unrestricted_unions
    Feature record: CXX_FEATURE:0cxx_user_literals
    Feature record: CXX_FEATURE:0cxx_variable_templates
    Feature record: CXX_FEATURE:0cxx_variadic_macros
    Feature record: CXX_FEATURE:0cxx_variadic_templates
