The target system is: Android - 21 - mips64
The host system is: Linux - 4.4.0-21-generic - x86_64
Determining if the C compiler works passed with the following output:
Change Dir: /home/r3v0/AndroidStudioProjects/EVABS-Tests/app/.externalNativeBuild/cmake/debug/mips64/CMakeFiles/CMakeTmp

Run Build Command:"/home/r3v0/OldSDK/cmake/3.6.3155560/bin/ninja" "cmTC_138b0"
[1/2] Building C object CMakeFiles/cmTC_138b0.dir/testCCompiler.c.o
[2/2] Linking C executable cmTC_138b0


Detecting C compiler ABI info compiled with the following output:
Change Dir: /home/r3v0/AndroidStudioProjects/EVABS-Tests/app/.externalNativeBuild/cmake/debug/mips64/CMakeFiles/CMakeTmp

Run Build Command:"/home/r3v0/OldSDK/cmake/3.6.3155560/bin/ninja" "cmTC_f2144"
[1/2] Building C object CMakeFiles/cmTC_f2144.dir/CMakeCCompilerABI.c.o
[2/2] Linking C executable cmTC_f2144
Android clang version 5.0.300080  (based on LLVM 5.0.300080)
Target: mips64el-none-linux-android
Thread model: posix
InstalledDir: /home/r3v0/OldSDK/ndk-bundle/toolchains/llvm/prebuilt/linux-x86_64/bin
Found candidate GCC installation: /home/r3v0/OldSDK/ndk-bundle/toolchains/mips64el-linux-android-4.9/prebuilt/linux-x86_64/lib/gcc/mips64el-linux-android/4.9.x
Selected GCC installation: /home/r3v0/OldSDK/ndk-bundle/toolchains/mips64el-linux-android-4.9/prebuilt/linux-x86_64/lib/gcc/mips64el-linux-android/4.9.x
Candidate multilib: .;@march=mips64r6
Candidate multilib: 32/mips-r1;@march=mips32
Candidate multilib: 32/mips-r2;@march=mips32r2
Candidate multilib: 32/mips-r6;@march=mips32r6
Selected multilib: .;@march=mips64r6
 "/home/r3v0/OldSDK/ndk-bundle/toolchains/mips64el-linux-android-4.9/prebuilt/linux-x86_64/lib/gcc/mips64el-linux-android/4.9.x/../../../../mips64el-linux-android/bin/ld" --sysroot=/home/r3v0/OldSDK/ndk-bundle/platforms/android-21/arch-mips64 -pie --sysroot=/home/r3v0/OldSDK/ndk-bundle/platforms/android-21/arch-mips64 --eh-frame-hdr -m elf64ltsmip -dynamic-linker /system/bin/linker64 -o cmTC_f2144 /home/r3v0/OldSDK/ndk-bundle/platforms/android-21/arch-mips64/usr/lib/../lib64/crtbegin_dynamic.o -L/home/r3v0/OldSDK/ndk-bundle/toolchains/llvm/prebuilt/linux-x86_64/lib64/clang/5.0.300080/lib/linux/mips64el -L/home/r3v0/OldSDK/ndk-bundle/toolchains/mips64el-linux-android-4.9/prebuilt/linux-x86_64/lib/gcc/mips64el-linux-android/4.9.x -L/home/r3v0/OldSDK/ndk-bundle/toolchains/mips64el-linux-android-4.9/prebuilt/linux-x86_64/lib/gcc/mips64el-linux-android/4.9.x/../../../../mips64el-linux-android/lib/../lib64 -L/home/r3v0/OldSDK/ndk-bundle/platforms/android-21/arch-mips64/usr/lib/../lib64 -L/home/r3v0/OldSDK/ndk-bundle/toolchains/mips64el-linux-android-4.9/prebuilt/linux-x86_64/lib/gcc/mips64el-linux-android/4.9.x/../../../../mips64el-linux-android/lib -L/home/r3v0/OldSDK/ndk-bundle/platforms/android-21/arch-mips64/usr/lib --exclude-libs libgcc.a --build-id --warn-shared-textrel --fatal-warnings --no-undefined -z noexecstack -z relro -z now --gc-sections -z nocopyreloc CMakeFiles/cmTC_f2144.dir/CMakeCCompilerABI.c.o -lgcc -ldl -lc -lgcc -ldl /home/r3v0/OldSDK/ndk-bundle/platforms/android-21/arch-mips64/usr/lib/../lib64/crtend_android.o


Parsed C implicit link information from above output:
  link line regex: [^( *|.*[/\])(mips64el-linux-android-ld|([^/\]+-)?ld|collect2)[^/\]*( |$)]
  ignore line: [Change Dir: /home/r3v0/AndroidStudioProjects/EVABS-Tests/app/.externalNativeBuild/cmake/debug/mips64/CMakeFiles/CMakeTmp]
  ignore line: []
  ignore line: [Run Build Command:"/home/r3v0/OldSDK/cmake/3.6.3155560/bin/ninja" "cmTC_f2144"]
  ignore line: [[1/2] Building C object CMakeFiles/cmTC_f2144.dir/CMakeCCompilerABI.c.o]
  ignore line: [[2/2] Linking C executable cmTC_f2144]
  ignore line: [Android clang version 5.0.300080  (based on LLVM 5.0.300080)]
  ignore line: [Target: mips64el-none-linux-android]
  ignore line: [Thread model: posix]
  ignore line: [InstalledDir: /home/r3v0/OldSDK/ndk-bundle/toolchains/llvm/prebuilt/linux-x86_64/bin]
  ignore line: [Found candidate GCC installation: /home/r3v0/OldSDK/ndk-bundle/toolchains/mips64el-linux-android-4.9/prebuilt/linux-x86_64/lib/gcc/mips64el-linux-android/4.9.x]
  ignore line: [Selected GCC installation: /home/r3v0/OldSDK/ndk-bundle/toolchains/mips64el-linux-android-4.9/prebuilt/linux-x86_64/lib/gcc/mips64el-linux-android/4.9.x]
  ignore line: [Candidate multilib: .]
  ignore line: [@march=mips64r6]
  ignore line: [Candidate multilib: 32/mips-r1]
  ignore line: [@march=mips32]
  ignore line: [Candidate multilib: 32/mips-r2]
  ignore line: [@march=mips32r2]
  ignore line: [Candidate multilib: 32/mips-r6]
  ignore line: [@march=mips32r6]
  ignore line: [Selected multilib: .]
  ignore line: [@march=mips64r6]
  link line: [ "/home/r3v0/OldSDK/ndk-bundle/toolchains/mips64el-linux-android-4.9/prebuilt/linux-x86_64/lib/gcc/mips64el-linux-android/4.9.x/../../../../mips64el-linux-android/bin/ld" --sysroot=/home/r3v0/OldSDK/ndk-bundle/platforms/android-21/arch-mips64 -pie --sysroot=/home/r3v0/OldSDK/ndk-bundle/platforms/android-21/arch-mips64 --eh-frame-hdr -m elf64ltsmip -dynamic-linker /system/bin/linker64 -o cmTC_f2144 /home/r3v0/OldSDK/ndk-bundle/platforms/android-21/arch-mips64/usr/lib/../lib64/crtbegin_dynamic.o -L/home/r3v0/OldSDK/ndk-bundle/toolchains/llvm/prebuilt/linux-x86_64/lib64/clang/5.0.300080/lib/linux/mips64el -L/home/r3v0/OldSDK/ndk-bundle/toolchains/mips64el-linux-android-4.9/prebuilt/linux-x86_64/lib/gcc/mips64el-linux-android/4.9.x -L/home/r3v0/OldSDK/ndk-bundle/toolchains/mips64el-linux-android-4.9/prebuilt/linux-x86_64/lib/gcc/mips64el-linux-android/4.9.x/../../../../mips64el-linux-android/lib/../lib64 -L/home/r3v0/OldSDK/ndk-bundle/platforms/android-21/arch-mips64/usr/lib/../lib64 -L/home/r3v0/OldSDK/ndk-bundle/toolchains/mips64el-linux-android-4.9/prebuilt/linux-x86_64/lib/gcc/mips64el-linux-android/4.9.x/../../../../mips64el-linux-android/lib -L/home/r3v0/OldSDK/ndk-bundle/platforms/android-21/arch-mips64/usr/lib --exclude-libs libgcc.a --build-id --warn-shared-textrel --fatal-warnings --no-undefined -z noexecstack -z relro -z now --gc-sections -z nocopyreloc CMakeFiles/cmTC_f2144.dir/CMakeCCompilerABI.c.o -lgcc -ldl -lc -lgcc -ldl /home/r3v0/OldSDK/ndk-bundle/platforms/android-21/arch-mips64/usr/lib/../lib64/crtend_android.o]
    arg [/home/r3v0/OldSDK/ndk-bundle/toolchains/mips64el-linux-android-4.9/prebuilt/linux-x86_64/lib/gcc/mips64el-linux-android/4.9.x/../../../../mips64el-linux-android/bin/ld] ==> ignore
    arg [--sysroot=/home/r3v0/OldSDK/ndk-bundle/platforms/android-21/arch-mips64] ==> ignore
    arg [-pie] ==> ignore
    arg [--sysroot=/home/r3v0/OldSDK/ndk-bundle/platforms/android-21/arch-mips64] ==> ignore
    arg [--eh-frame-hdr] ==> ignore
    arg [-m] ==> ignore
    arg [elf64ltsmip] ==> ignore
    arg [-dynamic-linker] ==> ignore
    arg [/system/bin/linker64] ==> ignore
    arg [-o] ==> ignore
    arg [cmTC_f2144] ==> ignore
    arg [/home/r3v0/OldSDK/ndk-bundle/platforms/android-21/arch-mips64/usr/lib/../lib64/crtbegin_dynamic.o] ==> ignore
    arg [-L/home/r3v0/OldSDK/ndk-bundle/toolchains/llvm/prebuilt/linux-x86_64/lib64/clang/5.0.300080/lib/linux/mips64el] ==> dir [/home/r3v0/OldSDK/ndk-bundle/toolchains/llvm/prebuilt/linux-x86_64/lib64/clang/5.0.300080/lib/linux/mips64el]
    arg [-L/home/r3v0/OldSDK/ndk-bundle/toolchains/mips64el-linux-android-4.9/prebuilt/linux-x86_64/lib/gcc/mips64el-linux-android/4.9.x] ==> dir [/home/r3v0/OldSDK/ndk-bundle/toolchains/mips64el-linux-android-4.9/prebuilt/linux-x86_64/lib/gcc/mips64el-linux-android/4.9.x]
    arg [-L/home/r3v0/OldSDK/ndk-bundle/toolchains/mips64el-linux-android-4.9/prebuilt/linux-x86_64/lib/gcc/mips64el-linux-android/4.9.x/../../../../mips64el-linux-android/lib/../lib64] ==> dir [/home/r3v0/OldSDK/ndk-bundle/toolchains/mips64el-linux-android-4.9/prebuilt/linux-x86_64/lib/gcc/mips64el-linux-android/4.9.x/../../../../mips64el-linux-android/lib/../lib64]
    arg [-L/home/r3v0/OldSDK/ndk-bundle/platforms/android-21/arch-mips64/usr/lib/../lib64] ==> dir [/home/r3v0/OldSDK/ndk-bundle/platforms/android-21/arch-mips64/usr/lib/../lib64]
    arg [-L/home/r3v0/OldSDK/ndk-bundle/toolchains/mips64el-linux-android-4.9/prebuilt/linux-x86_64/lib/gcc/mips64el-linux-android/4.9.x/../../../../mips64el-linux-android/lib] ==> dir [/home/r3v0/OldSDK/ndk-bundle/toolchains/mips64el-linux-android-4.9/prebuilt/linux-x86_64/lib/gcc/mips64el-linux-android/4.9.x/../../../../mips64el-linux-android/lib]
    arg [-L/home/r3v0/OldSDK/ndk-bundle/platforms/android-21/arch-mips64/usr/lib] ==> dir [/home/r3v0/OldSDK/ndk-bundle/platforms/android-21/arch-mips64/usr/lib]
    arg [--exclude-libs] ==> ignore
    arg [libgcc.a] ==> ignore
    arg [--build-id] ==> ignore
    arg [--warn-shared-textrel] ==> ignore
    arg [--fatal-warnings] ==> ignore
    arg [--no-undefined] ==> ignore
    arg [-znoexecstack] ==> ignore
    arg [-zrelro] ==> ignore
    arg [-znow] ==> ignore
    arg [--gc-sections] ==> ignore
    arg [-znocopyreloc] ==> ignore
    arg [CMakeFiles/cmTC_f2144.dir/CMakeCCompilerABI.c.o] ==> ignore
    arg [-lgcc] ==> lib [gcc]
    arg [-ldl] ==> lib [dl]
    arg [-lc] ==> lib [c]
    arg [-lgcc] ==> lib [gcc]
    arg [-ldl] ==> lib [dl]
    arg [/home/r3v0/OldSDK/ndk-bundle/platforms/android-21/arch-mips64/usr/lib/../lib64/crtend_android.o] ==> ignore
  remove lib [gcc]
  remove lib [gcc]
  collapse library dir [/home/r3v0/OldSDK/ndk-bundle/toolchains/llvm/prebuilt/linux-x86_64/lib64/clang/5.0.300080/lib/linux/mips64el] ==> [/home/r3v0/OldSDK/ndk-bundle/toolchains/llvm/prebuilt/linux-x86_64/lib64/clang/5.0.300080/lib/linux/mips64el]
  collapse library dir [/home/r3v0/OldSDK/ndk-bundle/toolchains/mips64el-linux-android-4.9/prebuilt/linux-x86_64/lib/gcc/mips64el-linux-android/4.9.x] ==> [/home/r3v0/OldSDK/ndk-bundle/toolchains/mips64el-linux-android-4.9/prebuilt/linux-x86_64/lib/gcc/mips64el-linux-android/4.9.x]
  collapse library dir [/home/r3v0/OldSDK/ndk-bundle/toolchains/mips64el-linux-android-4.9/prebuilt/linux-x86_64/lib/gcc/mips64el-linux-android/4.9.x/../../../../mips64el-linux-android/lib/../lib64] ==> [/home/r3v0/OldSDK/ndk-bundle/toolchains/mips64el-linux-android-4.9/prebuilt/linux-x86_64/mips64el-linux-android/lib64]
  collapse library dir [/home/r3v0/OldSDK/ndk-bundle/platforms/android-21/arch-mips64/usr/lib/../lib64] ==> [/home/r3v0/OldSDK/ndk-bundle/platforms/android-21/arch-mips64/usr/lib64]
  collapse library dir [/home/r3v0/OldSDK/ndk-bundle/toolchains/mips64el-linux-android-4.9/prebuilt/linux-x86_64/lib/gcc/mips64el-linux-android/4.9.x/../../../../mips64el-linux-android/lib] ==> [/home/r3v0/OldSDK/ndk-bundle/toolchains/mips64el-linux-android-4.9/prebuilt/linux-x86_64/mips64el-linux-android/lib]
  collapse library dir [/home/r3v0/OldSDK/ndk-bundle/platforms/android-21/arch-mips64/usr/lib] ==> [/home/r3v0/OldSDK/ndk-bundle/platforms/android-21/arch-mips64/usr/lib]
  implicit libs: [dl;c;dl]
  implicit dirs: [/home/r3v0/OldSDK/ndk-bundle/toolchains/llvm/prebuilt/linux-x86_64/lib64/clang/5.0.300080/lib/linux/mips64el;/home/r3v0/OldSDK/ndk-bundle/toolchains/mips64el-linux-android-4.9/prebuilt/linux-x86_64/lib/gcc/mips64el-linux-android/4.9.x;/home/r3v0/OldSDK/ndk-bundle/toolchains/mips64el-linux-android-4.9/prebuilt/linux-x86_64/mips64el-linux-android/lib64;/home/r3v0/OldSDK/ndk-bundle/platforms/android-21/arch-mips64/usr/lib64;/home/r3v0/OldSDK/ndk-bundle/toolchains/mips64el-linux-android-4.9/prebuilt/linux-x86_64/mips64el-linux-android/lib;/home/r3v0/OldSDK/ndk-bundle/platforms/android-21/arch-mips64/usr/lib]
  implicit fwks: []




Detecting C [-std=c11] compiler features compiled with the following output:
Change Dir: /home/r3v0/AndroidStudioProjects/EVABS-Tests/app/.externalNativeBuild/cmake/debug/mips64/CMakeFiles/CMakeTmp

Run Build Command:"/home/r3v0/OldSDK/cmake/3.6.3155560/bin/ninja" "cmTC_02f87"
[1/2] Building C object CMakeFiles/cmTC_02f87.dir/feature_tests.c.o
[2/2] Linking C executable cmTC_02f87


    Feature record: C_FEATURE:1c_function_prototypes
    Feature record: C_FEATURE:1c_restrict
    Feature record: C_FEATURE:1c_static_assert
    Feature record: C_FEATURE:1c_variadic_macros


Detecting C [-std=c99] compiler features compiled with the following output:
Change Dir: /home/r3v0/AndroidStudioProjects/EVABS-Tests/app/.externalNativeBuild/cmake/debug/mips64/CMakeFiles/CMakeTmp

Run Build Command:"/home/r3v0/OldSDK/cmake/3.6.3155560/bin/ninja" "cmTC_536af"
[1/2] Building C object CMakeFiles/cmTC_536af.dir/feature_tests.c.o
[2/2] Linking C executable cmTC_536af


    Feature record: C_FEATURE:1c_function_prototypes
    Feature record: C_FEATURE:1c_restrict
    Feature record: C_FEATURE:0c_static_assert
    Feature record: C_FEATURE:1c_variadic_macros


Detecting C [-std=c90] compiler features compiled with the following output:
Change Dir: /home/r3v0/AndroidStudioProjects/EVABS-Tests/app/.externalNativeBuild/cmake/debug/mips64/CMakeFiles/CMakeTmp

Run Build Command:"/home/r3v0/OldSDK/cmake/3.6.3155560/bin/ninja" "cmTC_7d8fa"
[1/2] Building C object CMakeFiles/cmTC_7d8fa.dir/feature_tests.c.o
[2/2] Linking C executable cmTC_7d8fa


    Feature record: C_FEATURE:1c_function_prototypes
    Feature record: C_FEATURE:0c_restrict
    Feature record: C_FEATURE:0c_static_assert
    Feature record: C_FEATURE:0c_variadic_macros
Determining if the CXX compiler works passed with the following output:
Change Dir: /home/r3v0/AndroidStudioProjects/EVABS-Tests/app/.externalNativeBuild/cmake/debug/mips64/CMakeFiles/CMakeTmp

Run Build Command:"/home/r3v0/OldSDK/cmake/3.6.3155560/bin/ninja" "cmTC_ca706"
[1/2] Building CXX object CMakeFiles/cmTC_ca706.dir/testCXXCompiler.cxx.o
[2/2] Linking CXX executable cmTC_ca706


Detecting CXX compiler ABI info compiled with the following output:
Change Dir: /home/r3v0/AndroidStudioProjects/EVABS-Tests/app/.externalNativeBuild/cmake/debug/mips64/CMakeFiles/CMakeTmp

Run Build Command:"/home/r3v0/OldSDK/cmake/3.6.3155560/bin/ninja" "cmTC_afd13"
[1/2] Building CXX object CMakeFiles/cmTC_afd13.dir/CMakeCXXCompilerABI.cpp.o
[2/2] Linking CXX executable cmTC_afd13
Android clang version 5.0.300080  (based on LLVM 5.0.300080)
Target: mips64el-none-linux-android
Thread model: posix
InstalledDir: /home/r3v0/OldSDK/ndk-bundle/toolchains/llvm/prebuilt/linux-x86_64/bin
Found candidate GCC installation: /home/r3v0/OldSDK/ndk-bundle/toolchains/mips64el-linux-android-4.9/prebuilt/linux-x86_64/lib/gcc/mips64el-linux-android/4.9.x
Selected GCC installation: /home/r3v0/OldSDK/ndk-bundle/toolchains/mips64el-linux-android-4.9/prebuilt/linux-x86_64/lib/gcc/mips64el-linux-android/4.9.x
Candidate multilib: .;@march=mips64r6
Candidate multilib: 32/mips-r1;@march=mips32
Candidate multilib: 32/mips-r2;@march=mips32r2
Candidate multilib: 32/mips-r6;@march=mips32r6
Selected multilib: .;@march=mips64r6
 "/home/r3v0/OldSDK/ndk-bundle/toolchains/mips64el-linux-android-4.9/prebuilt/linux-x86_64/lib/gcc/mips64el-linux-android/4.9.x/../../../../mips64el-linux-android/bin/ld" --sysroot=/home/r3v0/OldSDK/ndk-bundle/platforms/android-21/arch-mips64 -pie --sysroot=/home/r3v0/OldSDK/ndk-bundle/platforms/android-21/arch-mips64 --eh-frame-hdr -m elf64ltsmip -dynamic-linker /system/bin/linker64 -o cmTC_afd13 /home/r3v0/OldSDK/ndk-bundle/platforms/android-21/arch-mips64/usr/lib/../lib64/crtbegin_dynamic.o -L/home/r3v0/OldSDK/ndk-bundle/toolchains/llvm/prebuilt/linux-x86_64/lib64/clang/5.0.300080/lib/linux/mips64el -L/home/r3v0/OldSDK/ndk-bundle/toolchains/mips64el-linux-android-4.9/prebuilt/linux-x86_64/lib/gcc/mips64el-linux-android/4.9.x -L/home/r3v0/OldSDK/ndk-bundle/toolchains/mips64el-linux-android-4.9/prebuilt/linux-x86_64/lib/gcc/mips64el-linux-android/4.9.x/../../../../mips64el-linux-android/lib/../lib64 -L/home/r3v0/OldSDK/ndk-bundle/platforms/android-21/arch-mips64/usr/lib/../lib64 -L/home/r3v0/OldSDK/ndk-bundle/toolchains/mips64el-linux-android-4.9/prebuilt/linux-x86_64/lib/gcc/mips64el-linux-android/4.9.x/../../../../mips64el-linux-android/lib -L/home/r3v0/OldSDK/ndk-bundle/platforms/android-21/arch-mips64/usr/lib --exclude-libs libgcc.a --build-id --warn-shared-textrel --fatal-warnings --no-undefined -z noexecstack -z relro -z now --gc-sections -z nocopyreloc CMakeFiles/cmTC_afd13.dir/CMakeCXXCompilerABI.cpp.o -lstdc++ -lm -lgcc -lgcc -ldl -lc -lgcc -lgcc -ldl /home/r3v0/OldSDK/ndk-bundle/platforms/android-21/arch-mips64/usr/lib/../lib64/crtend_android.o


Parsed CXX implicit link information from above output:
  link line regex: [^( *|.*[/\])(mips64el-linux-android-ld|([^/\]+-)?ld|collect2)[^/\]*( |$)]
  ignore line: [Change Dir: /home/r3v0/AndroidStudioProjects/EVABS-Tests/app/.externalNativeBuild/cmake/debug/mips64/CMakeFiles/CMakeTmp]
  ignore line: []
  ignore line: [Run Build Command:"/home/r3v0/OldSDK/cmake/3.6.3155560/bin/ninja" "cmTC_afd13"]
  ignore line: [[1/2] Building CXX object CMakeFiles/cmTC_afd13.dir/CMakeCXXCompilerABI.cpp.o]
  ignore line: [[2/2] Linking CXX executable cmTC_afd13]
  ignore line: [Android clang version 5.0.300080  (based on LLVM 5.0.300080)]
  ignore line: [Target: mips64el-none-linux-android]
  ignore line: [Thread model: posix]
  ignore line: [InstalledDir: /home/r3v0/OldSDK/ndk-bundle/toolchains/llvm/prebuilt/linux-x86_64/bin]
  ignore line: [Found candidate GCC installation: /home/r3v0/OldSDK/ndk-bundle/toolchains/mips64el-linux-android-4.9/prebuilt/linux-x86_64/lib/gcc/mips64el-linux-android/4.9.x]
  ignore line: [Selected GCC installation: /home/r3v0/OldSDK/ndk-bundle/toolchains/mips64el-linux-android-4.9/prebuilt/linux-x86_64/lib/gcc/mips64el-linux-android/4.9.x]
  ignore line: [Candidate multilib: .]
  ignore line: [@march=mips64r6]
  ignore line: [Candidate multilib: 32/mips-r1]
  ignore line: [@march=mips32]
  ignore line: [Candidate multilib: 32/mips-r2]
  ignore line: [@march=mips32r2]
  ignore line: [Candidate multilib: 32/mips-r6]
  ignore line: [@march=mips32r6]
  ignore line: [Selected multilib: .]
  ignore line: [@march=mips64r6]
  link line: [ "/home/r3v0/OldSDK/ndk-bundle/toolchains/mips64el-linux-android-4.9/prebuilt/linux-x86_64/lib/gcc/mips64el-linux-android/4.9.x/../../../../mips64el-linux-android/bin/ld" --sysroot=/home/r3v0/OldSDK/ndk-bundle/platforms/android-21/arch-mips64 -pie --sysroot=/home/r3v0/OldSDK/ndk-bundle/platforms/android-21/arch-mips64 --eh-frame-hdr -m elf64ltsmip -dynamic-linker /system/bin/linker64 -o cmTC_afd13 /home/r3v0/OldSDK/ndk-bundle/platforms/android-21/arch-mips64/usr/lib/../lib64/crtbegin_dynamic.o -L/home/r3v0/OldSDK/ndk-bundle/toolchains/llvm/prebuilt/linux-x86_64/lib64/clang/5.0.300080/lib/linux/mips64el -L/home/r3v0/OldSDK/ndk-bundle/toolchains/mips64el-linux-android-4.9/prebuilt/linux-x86_64/lib/gcc/mips64el-linux-android/4.9.x -L/home/r3v0/OldSDK/ndk-bundle/toolchains/mips64el-linux-android-4.9/prebuilt/linux-x86_64/lib/gcc/mips64el-linux-android/4.9.x/../../../../mips64el-linux-android/lib/../lib64 -L/home/r3v0/OldSDK/ndk-bundle/platforms/android-21/arch-mips64/usr/lib/../lib64 -L/home/r3v0/OldSDK/ndk-bundle/toolchains/mips64el-linux-android-4.9/prebuilt/linux-x86_64/lib/gcc/mips64el-linux-android/4.9.x/../../../../mips64el-linux-android/lib -L/home/r3v0/OldSDK/ndk-bundle/platforms/android-21/arch-mips64/usr/lib --exclude-libs libgcc.a --build-id --warn-shared-textrel --fatal-warnings --no-undefined -z noexecstack -z relro -z now --gc-sections -z nocopyreloc CMakeFiles/cmTC_afd13.dir/CMakeCXXCompilerABI.cpp.o -lstdc++ -lm -lgcc -lgcc -ldl -lc -lgcc -lgcc -ldl /home/r3v0/OldSDK/ndk-bundle/platforms/android-21/arch-mips64/usr/lib/../lib64/crtend_android.o]
    arg [/home/r3v0/OldSDK/ndk-bundle/toolchains/mips64el-linux-android-4.9/prebuilt/linux-x86_64/lib/gcc/mips64el-linux-android/4.9.x/../../../../mips64el-linux-android/bin/ld] ==> ignore
    arg [--sysroot=/home/r3v0/OldSDK/ndk-bundle/platforms/android-21/arch-mips64] ==> ignore
    arg [-pie] ==> ignore
    arg [--sysroot=/home/r3v0/OldSDK/ndk-bundle/platforms/android-21/arch-mips64] ==> ignore
    arg [--eh-frame-hdr] ==> ignore
    arg [-m] ==> ignore
    arg [elf64ltsmip] ==> ignore
    arg [-dynamic-linker] ==> ignore
    arg [/system/bin/linker64] ==> ignore
    arg [-o] ==> ignore
    arg [cmTC_afd13] ==> ignore
    arg [/home/r3v0/OldSDK/ndk-bundle/platforms/android-21/arch-mips64/usr/lib/../lib64/crtbegin_dynamic.o] ==> ignore
    arg [-L/home/r3v0/OldSDK/ndk-bundle/toolchains/llvm/prebuilt/linux-x86_64/lib64/clang/5.0.300080/lib/linux/mips64el] ==> dir [/home/r3v0/OldSDK/ndk-bundle/toolchains/llvm/prebuilt/linux-x86_64/lib64/clang/5.0.300080/lib/linux/mips64el]
    arg [-L/home/r3v0/OldSDK/ndk-bundle/toolchains/mips64el-linux-android-4.9/prebuilt/linux-x86_64/lib/gcc/mips64el-linux-android/4.9.x] ==> dir [/home/r3v0/OldSDK/ndk-bundle/toolchains/mips64el-linux-android-4.9/prebuilt/linux-x86_64/lib/gcc/mips64el-linux-android/4.9.x]
    arg [-L/home/r3v0/OldSDK/ndk-bundle/toolchains/mips64el-linux-android-4.9/prebuilt/linux-x86_64/lib/gcc/mips64el-linux-android/4.9.x/../../../../mips64el-linux-android/lib/../lib64] ==> dir [/home/r3v0/OldSDK/ndk-bundle/toolchains/mips64el-linux-android-4.9/prebuilt/linux-x86_64/lib/gcc/mips64el-linux-android/4.9.x/../../../../mips64el-linux-android/lib/../lib64]
    arg [-L/home/r3v0/OldSDK/ndk-bundle/platforms/android-21/arch-mips64/usr/lib/../lib64] ==> dir [/home/r3v0/OldSDK/ndk-bundle/platforms/android-21/arch-mips64/usr/lib/../lib64]
    arg [-L/home/r3v0/OldSDK/ndk-bundle/toolchains/mips64el-linux-android-4.9/prebuilt/linux-x86_64/lib/gcc/mips64el-linux-android/4.9.x/../../../../mips64el-linux-android/lib] ==> dir [/home/r3v0/OldSDK/ndk-bundle/toolchains/mips64el-linux-android-4.9/prebuilt/linux-x86_64/lib/gcc/mips64el-linux-android/4.9.x/../../../../mips64el-linux-android/lib]
    arg [-L/home/r3v0/OldSDK/ndk-bundle/platforms/android-21/arch-mips64/usr/lib] ==> dir [/home/r3v0/OldSDK/ndk-bundle/platforms/android-21/arch-mips64/usr/lib]
    arg [--exclude-libs] ==> ignore
    arg [libgcc.a] ==> ignore
    arg [--build-id] ==> ignore
    arg [--warn-shared-textrel] ==> ignore
    arg [--fatal-warnings] ==> ignore
    arg [--no-undefined] ==> ignore
    arg [-znoexecstack] ==> ignore
    arg [-zrelro] ==> ignore
    arg [-znow] ==> ignore
    arg [--gc-sections] ==> ignore
    arg [-znocopyreloc] ==> ignore
    arg [CMakeFiles/cmTC_afd13.dir/CMakeCXXCompilerABI.cpp.o] ==> ignore
    arg [-lstdc++] ==> lib [stdc++]
    arg [-lm] ==> lib [m]
    arg [-lgcc] ==> lib [gcc]
    arg [-lgcc] ==> lib [gcc]
    arg [-ldl] ==> lib [dl]
    arg [-lc] ==> lib [c]
    arg [-lgcc] ==> lib [gcc]
    arg [-lgcc] ==> lib [gcc]
    arg [-ldl] ==> lib [dl]
    arg [/home/r3v0/OldSDK/ndk-bundle/platforms/android-21/arch-mips64/usr/lib/../lib64/crtend_android.o] ==> ignore
  remove lib [gcc]
  remove lib [gcc]
  remove lib [gcc]
  remove lib [gcc]
  collapse library dir [/home/r3v0/OldSDK/ndk-bundle/toolchains/llvm/prebuilt/linux-x86_64/lib64/clang/5.0.300080/lib/linux/mips64el] ==> [/home/r3v0/OldSDK/ndk-bundle/toolchains/llvm/prebuilt/linux-x86_64/lib64/clang/5.0.300080/lib/linux/mips64el]
  collapse library dir [/home/r3v0/OldSDK/ndk-bundle/toolchains/mips64el-linux-android-4.9/prebuilt/linux-x86_64/lib/gcc/mips64el-linux-android/4.9.x] ==> [/home/r3v0/OldSDK/ndk-bundle/toolchains/mips64el-linux-android-4.9/prebuilt/linux-x86_64/lib/gcc/mips64el-linux-android/4.9.x]
  collapse library dir [/home/r3v0/OldSDK/ndk-bundle/toolchains/mips64el-linux-android-4.9/prebuilt/linux-x86_64/lib/gcc/mips64el-linux-android/4.9.x/../../../../mips64el-linux-android/lib/../lib64] ==> [/home/r3v0/OldSDK/ndk-bundle/toolchains/mips64el-linux-android-4.9/prebuilt/linux-x86_64/mips64el-linux-android/lib64]
  collapse library dir [/home/r3v0/OldSDK/ndk-bundle/platforms/android-21/arch-mips64/usr/lib/../lib64] ==> [/home/r3v0/OldSDK/ndk-bundle/platforms/android-21/arch-mips64/usr/lib64]
  collapse library dir [/home/r3v0/OldSDK/ndk-bundle/toolchains/mips64el-linux-android-4.9/prebuilt/linux-x86_64/lib/gcc/mips64el-linux-android/4.9.x/../../../../mips64el-linux-android/lib] ==> [/home/r3v0/OldSDK/ndk-bundle/toolchains/mips64el-linux-android-4.9/prebuilt/linux-x86_64/mips64el-linux-android/lib]
  collapse library dir [/home/r3v0/OldSDK/ndk-bundle/platforms/android-21/arch-mips64/usr/lib] ==> [/home/r3v0/OldSDK/ndk-bundle/platforms/android-21/arch-mips64/usr/lib]
  implicit libs: [stdc++;m;dl;c;dl]
  implicit dirs: [/home/r3v0/OldSDK/ndk-bundle/toolchains/llvm/prebuilt/linux-x86_64/lib64/clang/5.0.300080/lib/linux/mips64el;/home/r3v0/OldSDK/ndk-bundle/toolchains/mips64el-linux-android-4.9/prebuilt/linux-x86_64/lib/gcc/mips64el-linux-android/4.9.x;/home/r3v0/OldSDK/ndk-bundle/toolchains/mips64el-linux-android-4.9/prebuilt/linux-x86_64/mips64el-linux-android/lib64;/home/r3v0/OldSDK/ndk-bundle/platforms/android-21/arch-mips64/usr/lib64;/home/r3v0/OldSDK/ndk-bundle/toolchains/mips64el-linux-android-4.9/prebuilt/linux-x86_64/mips64el-linux-android/lib;/home/r3v0/OldSDK/ndk-bundle/platforms/android-21/arch-mips64/usr/lib]
  implicit fwks: []




Detecting CXX [-std=c++14] compiler features compiled with the following output:
Change Dir: /home/r3v0/AndroidStudioProjects/EVABS-Tests/app/.externalNativeBuild/cmake/debug/mips64/CMakeFiles/CMakeTmp

Run Build Command:"/home/r3v0/OldSDK/cmake/3.6.3155560/bin/ninja" "cmTC_cdcc8"
[1/2] Building CXX object CMakeFiles/cmTC_cdcc8.dir/feature_tests.cxx.o
[2/2] Linking CXX executable cmTC_cdcc8


    Feature record: CXX_FEATURE:1cxx_aggregate_default_initializers
    Feature record: CXX_FEATURE:1cxx_alias_templates
    Feature record: CXX_FEATURE:1cxx_alignas
    Feature record: CXX_FEATURE:1cxx_alignof
    Feature record: CXX_FEATURE:1cxx_attributes
    Feature record: CXX_FEATURE:1cxx_attribute_deprecated
    Feature record: CXX_FEATURE:1cxx_auto_type
    Feature record: CXX_FEATURE:1cxx_binary_literals
    Feature record: CXX_FEATURE:1cxx_constexpr
    Feature record: CXX_FEATURE:1cxx_contextual_conversions
    Feature record: CXX_FEATURE:1cxx_decltype
    Feature record: CXX_FEATURE:1cxx_decltype_auto
    Feature record: CXX_FEATURE:1cxx_decltype_incomplete_return_types
    Feature record: CXX_FEATURE:1cxx_default_function_template_args
    Feature record: CXX_FEATURE:1cxx_defaulted_functions
    Feature record: CXX_FEATURE:1cxx_defaulted_move_initializers
    Feature record: CXX_FEATURE:1cxx_delegating_constructors
    Feature record: CXX_FEATURE:1cxx_deleted_functions
    Feature record: CXX_FEATURE:1cxx_digit_separators
    Feature record: CXX_FEATURE:1cxx_enum_forward_declarations
    Feature record: CXX_FEATURE:1cxx_explicit_conversions
    Feature record: CXX_FEATURE:1cxx_extended_friend_declarations
    Feature record: CXX_FEATURE:1cxx_extern_templates
    Feature record: CXX_FEATURE:1cxx_final
    Feature record: CXX_FEATURE:1cxx_func_identifier
    Feature record: CXX_FEATURE:1cxx_generalized_initializers
    Feature record: CXX_FEATURE:1cxx_generic_lambdas
    Feature record: CXX_FEATURE:1cxx_inheriting_constructors
    Feature record: CXX_FEATURE:1cxx_inline_namespaces
    Feature record: CXX_FEATURE:1cxx_lambdas
    Feature record: CXX_FEATURE:1cxx_lambda_init_captures
    Feature record: CXX_FEATURE:1cxx_local_type_template_args
    Feature record: CXX_FEATURE:1cxx_long_long_type
    Feature record: CXX_FEATURE:1cxx_noexcept
    Feature record: CXX_FEATURE:1cxx_nonstatic_member_init
    Feature record: CXX_FEATURE:1cxx_nullptr
    Feature record: CXX_FEATURE:1cxx_override
    Feature record: CXX_FEATURE:1cxx_range_for
    Feature record: CXX_FEATURE:1cxx_raw_string_literals
    Feature record: CXX_FEATURE:1cxx_reference_qualified_functions
    Feature record: CXX_FEATURE:1cxx_relaxed_constexpr
    Feature record: CXX_FEATURE:1cxx_return_type_deduction
    Feature record: CXX_FEATURE:1cxx_right_angle_brackets
    Feature record: CXX_FEATURE:1cxx_rvalue_references
    Feature record: CXX_FEATURE:1cxx_sizeof_member
    Feature record: CXX_FEATURE:1cxx_static_assert
    Feature record: CXX_FEATURE:1cxx_strong_enums
    Feature record: CXX_FEATURE:1cxx_template_template_parameters
    Feature record: CXX_FEATURE:1cxx_thread_local
    Feature record: CXX_FEATURE:1cxx_trailing_return_types
    Feature record: CXX_FEATURE:1cxx_unicode_literals
    Feature record: CXX_FEATURE:1cxx_uniform_initialization
    Feature record: CXX_FEATURE:1cxx_unrestricted_unions
    Feature record: CXX_FEATURE:1cxx_user_literals
    Feature record: CXX_FEATURE:1cxx_variable_templates
    Feature record: CXX_FEATURE:1cxx_variadic_macros
    Feature record: CXX_FEATURE:1cxx_variadic_templates


Detecting CXX [-std=c++11] compiler features compiled with the following output:
Change Dir: /home/r3v0/AndroidStudioProjects/EVABS-Tests/app/.externalNativeBuild/cmake/debug/mips64/CMakeFiles/CMakeTmp

Run Build Command:"/home/r3v0/OldSDK/cmake/3.6.3155560/bin/ninja" "cmTC_da3a0"
[1/2] Building CXX object CMakeFiles/cmTC_da3a0.dir/feature_tests.cxx.o
[2/2] Linking CXX executable cmTC_da3a0


    Feature record: CXX_FEATURE:0cxx_aggregate_default_initializers
    Feature record: CXX_FEATURE:1cxx_alias_templates
    Feature record: CXX_FEATURE:1cxx_alignas
    Feature record: CXX_FEATURE:1cxx_alignof
    Feature record: CXX_FEATURE:1cxx_attributes
    Feature record: CXX_FEATURE:0cxx_attribute_deprecated
    Feature record: CXX_FEATURE:1cxx_auto_type
    Feature record: CXX_FEATURE:0cxx_binary_literals
    Feature record: CXX_FEATURE:1cxx_constexpr
    Feature record: CXX_FEATURE:0cxx_contextual_conversions
    Feature record: CXX_FEATURE:1cxx_decltype
    Feature record: CXX_FEATURE:0cxx_decltype_auto
    Feature record: CXX_FEATURE:1cxx_decltype_incomplete_return_types
    Feature record: CXX_FEATURE:1cxx_default_function_template_args
    Feature record: CXX_FEATURE:1cxx_defaulted_functions
    Feature record: CXX_FEATURE:1cxx_defaulted_move_initializers
    Feature record: CXX_FEATURE:1cxx_delegating_constructors
    Feature record: CXX_FEATURE:1cxx_deleted_functions
    Feature record: CXX_FEATURE:0cxx_digit_separators
    Feature record: CXX_FEATURE:1cxx_enum_forward_declarations
    Feature record: CXX_FEATURE:1cxx_explicit_conversions
    Feature record: CXX_FEATURE:1cxx_extended_friend_declarations
    Feature record: CXX_FEATURE:1cxx_extern_templates
    Feature record: CXX_FEATURE:1cxx_final
    Feature record: CXX_FEATURE:1cxx_func_identifier
    Feature record: CXX_FEATURE:1cxx_generalized_initializers
    Feature record: CXX_FEATURE:0cxx_generic_lambdas
    Feature record: CXX_FEATURE:1cxx_inheriting_constructors
    Feature record: CXX_FEATURE:1cxx_inline_namespaces
    Feature record: CXX_FEATURE:1cxx_lambdas
    Feature record: CXX_FEATURE:0cxx_lambda_init_captures
    Feature record: CXX_FEATURE:1cxx_local_type_template_args
    Feature record: CXX_FEATURE:1cxx_long_long_type
    Feature record: CXX_FEATURE:1cxx_noexcept
    Feature record: CXX_FEATURE:1cxx_nonstatic_member_init
    Feature record: CXX_FEATURE:1cxx_nullptr
    Feature record: CXX_FEATURE:1cxx_override
    Feature record: CXX_FEATURE:1cxx_range_for
    Feature record: CXX_FEATURE:1cxx_raw_string_literals
    Feature record: CXX_FEATURE:1cxx_reference_qualified_functions
    Feature record: CXX_FEATURE:0cxx_relaxed_constexpr
    Feature record: CXX_FEATURE:0cxx_return_type_deduction
    Feature record: CXX_FEATURE:1cxx_right_angle_brackets
    Feature record: CXX_FEATURE:1cxx_rvalue_references
    Feature record: CXX_FEATURE:1cxx_sizeof_member
    Feature record: CXX_FEATURE:1cxx_static_assert
    Feature record: CXX_FEATURE:1cxx_strong_enums
    Feature record: CXX_FEATURE:1cxx_template_template_parameters
    Feature record: CXX_FEATURE:1cxx_thread_local
    Feature record: CXX_FEATURE:1cxx_trailing_return_types
    Feature record: CXX_FEATURE:1cxx_unicode_literals
    Feature record: CXX_FEATURE:1cxx_uniform_initialization
    Feature record: CXX_FEATURE:1cxx_unrestricted_unions
    Feature record: CXX_FEATURE:1cxx_user_literals
    Feature record: CXX_FEATURE:0cxx_variable_templates
    Feature record: CXX_FEATURE:1cxx_variadic_macros
    Feature record: CXX_FEATURE:1cxx_variadic_templates


Detecting CXX [-std=c++98] compiler features compiled with the following output:
Change Dir: /home/r3v0/AndroidStudioProjects/EVABS-Tests/app/.externalNativeBuild/cmake/debug/mips64/CMakeFiles/CMakeTmp

Run Build Command:"/home/r3v0/OldSDK/cmake/3.6.3155560/bin/ninja" "cmTC_84367"
[1/2] Building CXX object CMakeFiles/cmTC_84367.dir/feature_tests.cxx.o
[2/2] Linking CXX executable cmTC_84367


    Feature record: CXX_FEATURE:0cxx_aggregate_default_initializers
    Feature record: CXX_FEATURE:0cxx_alias_templates
    Feature record: CXX_FEATURE:0cxx_alignas
    Feature record: CXX_FEATURE:0cxx_alignof
    Feature record: CXX_FEATURE:0cxx_attributes
    Feature record: CXX_FEATURE:0cxx_attribute_deprecated
    Feature record: CXX_FEATURE:0cxx_auto_type
    Feature record: CXX_FEATURE:0cxx_binary_literals
    Feature record: CXX_FEATURE:0cxx_constexpr
    Feature record: CXX_FEATURE:0cxx_contextual_conversions
    Feature record: CXX_FEATURE:0cxx_decltype
    Feature record: CXX_FEATURE:0cxx_decltype_auto
    Feature record: CXX_FEATURE:0cxx_decltype_incomplete_return_types
    Feature record: CXX_FEATURE:0cxx_default_function_template_args
    Feature record: CXX_FEATURE:0cxx_defaulted_functions
    Feature record: CXX_FEATURE:0cxx_defaulted_move_initializers
    Feature record: CXX_FEATURE:0cxx_delegating_constructors
    Feature record: CXX_FEATURE:0cxx_deleted_functions
    Feature record: CXX_FEATURE:0cxx_digit_separators
    Feature record: CXX_FEATURE:0cxx_enum_forward_declarations
    Feature record: CXX_FEATURE:0cxx_explicit_conversions
    Feature record: CXX_FEATURE:0cxx_extended_friend_declarations
    Feature record: CXX_FEATURE:0cxx_extern_templates
    Feature record: CXX_FEATURE:0cxx_final
    Feature record: CXX_FEATURE:0cxx_func_identifier
    Feature record: CXX_FEATURE:0cxx_generalized_initializers
    Feature record: CXX_FEATURE:0cxx_generic_lambdas
    Feature record: CXX_FEATURE:0cxx_inheriting_constructors
    Feature record: CXX_FEATURE:0cxx_inline_namespaces
    Feature record: CXX_FEATURE:0cxx_lambdas
    Feature record: CXX_FEATURE:0cxx_lambda_init_captures
    Feature record: CXX_FEATURE:0cxx_local_type_template_args
    Feature record: CXX_FEATURE:0cxx_long_long_type
    Feature record: CXX_FEATURE:0cxx_noexcept
    Feature record: CXX_FEATURE:0cxx_nonstatic_member_init
    Feature record: CXX_FEATURE:0cxx_nullptr
    Feature record: CXX_FEATURE:0cxx_override
    Feature record: CXX_FEATURE:0cxx_range_for
    Feature record: CXX_FEATURE:0cxx_raw_string_literals
    Feature record: CXX_FEATURE:0cxx_reference_qualified_functions
    Feature record: CXX_FEATURE:0cxx_relaxed_constexpr
    Feature record: CXX_FEATURE:0cxx_return_type_deduction
    Feature record: CXX_FEATURE:0cxx_right_angle_brackets
    Feature record: CXX_FEATURE:0cxx_rvalue_references
    Feature record: CXX_FEATURE:0cxx_sizeof_member
    Feature record: CXX_FEATURE:0cxx_static_assert
    Feature record: CXX_FEATURE:0cxx_strong_enums
    Feature record: CXX_FEATURE:1cxx_template_template_parameters
    Feature record: CXX_FEATURE:0cxx_thread_local
    Feature record: CXX_FEATURE:0cxx_trailing_return_types
    Feature record: CXX_FEATURE:0cxx_unicode_literals
    Feature record: CXX_FEATURE:0cxx_uniform_initialization
    Feature record: CXX_FEATURE:0cxx_unrestricted_unions
    Feature record: CXX_FEATURE:0cxx_user_literals
    Feature record: CXX_FEATURE:0cxx_variable_templates
    Feature record: CXX_FEATURE:0cxx_variadic_macros
    Feature record: CXX_FEATURE:0cxx_variadic_templates
